msgrcv error!42
msgrcv error!42
Waiting for data form server 

process:1221 deal the message
[
	message:20197 from 121 msg:ls
	type:shell
]
Waiting for data form server 
[
	message:20197 from 121 msg:ls
	type:shell
]
msgrcv error!42
msgrcv error!42
Waiting for data form server 

process:1221 deal the message

process:1222 deal the message
process:1222 has been collection
process:1221 has been collection
[
	message:204177 from 121 msg:cd /
Waiting for data form server 

process:1221 deal the message

process:1222 deal the message
process:1222 has been collection
process:1221 has been collection

process:1233 deal the message
[
	message:204177 from 121 msg:cd /
Waiting for data form server 

process:1221 deal the message

process:1222 deal the message
process:1222 has been collection
process:1221 has been collection

process:1233 deal the message

process:1234 deal the message
process:1233 has been collection
process:1234 has been collection
[
	message:20562 from 121 msg:ls
	type:shell
]
Waiting for data form server 

process:1221 deal the message

process:1222 deal the message
process:1222 has been collection
process:1221 has been collection

process:1233 deal the message

process:1234 deal the message
process:1233 has been collection
process:1234 has been collection

process:1238 deal the message
[
	message:20562 from 121 msg:ls
	type:shell
]
msgrcv error!42
msgrcv error!42
Waiting for data form server 

process:1221 deal the message

process:1222 deal the message
process:1222 has been collection
process:1221 has been collection

process:1233 deal the message

process:1234 deal the message
process:1233 has been collection
process:1234 has been collection

process:1238 deal the message

process:1239 deal the message
process:1238 has been collection
process:1239 has been collection

process:1247 deal the message
[
	message:206143 from 121 msg:ls
	type:shell
]
Waiting for data form server 

process:1221 deal the message

process:1222 deal the message
process:1222 has been collection
process:1221 has been collection

process:1233 deal the message

process:1234 deal the message
process:1233 has been collection
process:1234 has been collection

process:1238 deal the message

process:1239 deal the message
process:1238 has been collection
process:1239 has been collection
[
	message:206143 from 121 msg:ls
	type:shell
]
msgrcv error!42
msgrcv error!42
Waiting for data form server 

process:1221 deal the message

process:1222 deal the message
process:1222 has been collection
process:1221 has been collection

process:1233 deal the message

process:1234 deal the message
process:1233 has been collection
process:1234 has been collection

process:1238 deal the message

process:1239 deal the message
process:1238 has been collection
process:1239 has been collection

process:1247 deal the message

process:1248 deal the message
process:1248 has been collection
process:1247 has been collection
[
	message:207149 from 121 msg:ls
	type:shell
]
Waiting for data form server 

process:1221 deal the message

process:1222 deal the message
process:1222 has been collection
process:1221 has been collection

process:1233 deal the message

process:1234 deal the message
process:1233 has been collection
process:1234 has been collection

process:1238 deal the message

process:1239 deal the message
process:1238 has been collection
process:1239 has been collection

process:1247 deal the message

process:1248 deal the message
process:1248 has been collection
process:1247 has been collection

process:1253 deal the message
[
	message:207149 from 121 msg:ls
	type:shell
]
msgrcv error!42
msgrcv error!42
Waiting for data form server 

process:1221 deal the message

process:1222 deal the message
process:1222 has been collection
process:1221 has been collection

process:1233 deal the message

process:1234 deal the message
process:1233 has been collection
process:1234 has been collection

process:1238 deal the message

process:1239 deal the message
process:1238 has been collection
process:1239 has been collection

process:1247 deal the message

process:1248 deal the message
process:1248 has been collection
process:1247 has been collection

process:1253 deal the message

process:1254 deal the message
process:1253 has been collection
process:1254 has been collection

process:1283 deal the message
[
	message:217206 from 121 msg:cat /etc/passwd
	type:shell
]
Waiting for data form server 

process:1221 deal the message

process:1222 deal the message
process:1222 has been collection
process:1221 has been collection

process:1233 deal the message

process:1234 deal the message
process:1233 has been collection
process:1234 has been collection

process:1238 deal the message

process:1239 deal the message
process:1238 has been collection
process:1239 has been collection

process:1247 deal the message

process:1248 deal the message
process:1248 has been collection
process:1247 has been collection

process:1253 deal the message

process:1254 deal the message
process:1253 has been collection
process:1254 has been collection
[
	message:217206 from 121 msg:cat /etc/passwd
	type:shell
]
msgrcv error!42
msgrcv error!42
Waiting for data form server 

process:1221 deal the message

process:1222 deal the message
process:1222 has been collection
process:1221 has been collection

process:1233 deal the message

process:1234 deal the message
process:1233 has been collection
process:1234 has been collection

process:1238 deal the message

process:1239 deal the message
process:1238 has been collection
process:1239 has been collection

process:1247 deal the message

process:1248 deal the message
process:1248 has been collection
process:1247 has been collection

process:1253 deal the message

process:1254 deal the message
process:1253 has been collection
process:1254 has been collection

process:1283 deal the message

process:1286 deal the message
process:1283 has been collection
process:1286 has been collection
[
	message:23974 from 121 msg:ps
	type:shell
]
Waiting for data form server 

process:1221 deal the message

process:1222 deal the message
process:1222 has been collection
process:1221 has been collection

process:1233 deal the message

process:1234 deal the message
process:1233 has been collection
process:1234 has been collection

process:1238 deal the message

process:1239 deal the message
process:1238 has been collection
process:1239 has been collection

process:1247 deal the message

process:1248 deal the message
process:1248 has been collection
process:1247 has been collection

process:1253 deal the message

process:1254 deal the message
process:1253 has been collection
process:1254 has been collection

process:1283 deal the message

process:1286 deal the message
process:1283 has been collection
process:1286 has been collection

process:1355 deal the message
[
	message:23974 from 121 msg:ps
	type:shell
]
msgrcv error!42
msgrcv error!42
Waiting for data form server 

process:1221 deal the message

process:1222 deal the message
process:1222 has been collection
process:1221 has been collection

process:1233 deal the message

process:1234 deal the message
process:1233 has been collection
process:1234 has been collection

process:1238 deal the message

process:1239 deal the message
process:1238 has been collection
process:1239 has been collection

process:1247 deal the message

process:1248 deal the message
process:1248 has been collection
process:1247 has been collection

process:1253 deal the message

process:1254 deal the message
process:1253 has been collection
process:1254 has been collection

process:1283 deal the message

process:1286 deal the message
process:1283 has been collection
process:1286 has been collection

process:1355 deal the message

process:1356 deal the message
process:1355 has been collection
process:1356 has been collection
[
	message:24096 from 121 msg:ps
	type:shell
]
Waiting for data form server 

process:1221 deal the message

process:1222 deal the message
process:1222 has been collection
process:1221 has been collection

process:1233 deal the message

process:1234 deal the message
process:1233 has been collection
process:1234 has been collection

process:1238 deal the message

process:1239 deal the message
process:1238 has been collection
process:1239 has been collection

process:1247 deal the message

process:1248 deal the message
process:1248 has been collection
process:1247 has been collection

process:1253 deal the message

process:1254 deal the message
process:1253 has been collection
process:1254 has been collection

process:1283 deal the message

process:1286 deal the message
process:1283 has been collection
process:1286 has been collection

process:1355 deal the message

process:1356 deal the message
process:1355 has been collection
process:1356 has been collection

process:1361 deal the message
[
	message:24096 from 121 msg:ps
	type:shell
]
msgrcv error!42
msgrcv error!42
Waiting for data form server 

process:1221 deal the message

process:1222 deal the message
process:1222 has been collection
process:1221 has been collection

process:1233 deal the message

process:1234 deal the message
process:1233 has been collection
process:1234 has been collection

process:1238 deal the message

process:1239 deal the message
process:1238 has been collection
process:1239 has been collection

process:1247 deal the message

process:1248 deal the message
process:1248 has been collection
process:1247 has been collection

process:1253 deal the message

process:1254 deal the message
process:1253 has been collection
process:1254 has been collection

process:1283 deal the message

process:1286 deal the message
process:1283 has been collection
process:1286 has been collection

process:1355 deal the message

process:1356 deal the message
process:1355 has been collection
process:1356 has been collection

process:1361 deal the message

process:1362 deal the message
process:1361 has been collection
process:1362 has been collection

process:1370 deal the message
[
	message:24096 from 121 msg:ps
	type:shell
]
Waiting for data form server 

process:1221 deal the message

process:1222 deal the message
process:1222 has been collection
process:1221 has been collection

process:1233 deal the message

process:1234 deal the message
process:1233 has been collection
process:1234 has been collection

process:1238 deal the message

process:1239 deal the message
process:1238 has been collection
process:1239 has been collection

process:1247 deal the message

process:1248 deal the message
process:1248 has been collection
process:1247 has been collection

process:1253 deal the message

process:1254 deal the message
process:1253 has been collection
process:1254 has been collection

process:1283 deal the message

process:1286 deal the message
process:1283 has been collection
process:1286 has been collection

process:1355 deal the message

process:1356 deal the message
process:1355 has been collection
process:1356 has been collection

process:1361 deal the message

process:1362 deal the message
process:1361 has been collection
process:1362 has been collection
[
	message:24096 from 121 msg:ps
	type:shell
]
msgrcv error!42
msgrcv error!42
Waiting for data form server 

process:1221 deal the message

process:1222 deal the message
process:1222 has been collection
process:1221 has been collection

process:1233 deal the message

process:1234 deal the message
process:1233 has been collection
process:1234 has been collection

process:1238 deal the message

process:1239 deal the message
process:1238 has been collection
process:1239 has been collection

process:1247 deal the message

process:1248 deal the message
process:1248 has been collection
process:1247 has been collection

process:1253 deal the message

process:1254 deal the message
process:1253 has been collection
process:1254 has been collection

process:1283 deal the message

process:1286 deal the message
process:1283 has been collection
process:1286 has been collection

process:1355 deal the message

process:1356 deal the message
process:1355 has been collection
process:1356 has been collection

process:1361 deal the message

process:1362 deal the message
process:1361 has been collection
process:1362 has been collection

process:1370 deal the message

process:1371 deal the message
process:1371 has been collection
process:1370 has been collection
[
	message:241232 from 121 msg:ps
	type:shell
]
Waiting for data form server 

process:1221 deal the message

process:1222 deal the message
process:1222 has been collection
process:1221 has been collection

process:1233 deal the message

process:1234 deal the message
process:1233 has been collection
process:1234 has been collection

process:1238 deal the message

process:1239 deal the message
process:1238 has been collection
process:1239 has been collection

process:1247 deal the message

process:1248 deal the message
process:1248 has been collection
process:1247 has been collection

process:1253 deal the message

process:1254 deal the message
process:1253 has been collection
process:1254 has been collection

process:1283 deal the message

process:1286 deal the message
process:1283 has been collection
process:1286 has been collection

process:1355 deal the message

process:1356 deal the message
process:1355 has been collection
process:1356 has been collection

process:1361 deal the message

process:1362 deal the message
process:1361 has been collection
process:1362 has been collection

process:1370 deal the message

process:1371 deal the message
process:1371 has been collection
process:1370 has been collection

process:1376 deal the message
[
	message:241232 from 121 msg:ps
	type:shell
]
msgrcv error!42
msgrcv error!42
Waiting for data form server 

process:1221 deal the message

process:1222 deal the message
process:1222 has been collection
process:1221 has been collection

process:1233 deal the message

process:1234 deal the message
process:1233 has been collection
process:1234 has been collection

process:1238 deal the message

process:1239 deal the message
process:1238 has been collection
process:1239 has been collection

process:1247 deal the message

process:1248 deal the message
process:1248 has been collection
process:1247 has been collection

process:1253 deal the message

process:1254 deal the message
process:1253 has been collection
process:1254 has been collection

process:1283 deal the message

process:1286 deal the message
process:1283 has been collection
process:1286 has been collection

process:1355 deal the message

process:1356 deal the message
process:1355 has been collection
process:1356 has been collection

process:1361 deal the message

process:1362 deal the message
process:1361 has been collection
process:1362 has been collection

process:1370 deal the message

process:1371 deal the message
process:1371 has been collection
process:1370 has been collection

process:1376 deal the message

process:1377 deal the message
process:1376 has been collection
process:1377 has been collection

process:1397 deal the message
[
	message:247237 from 121 msg:kill -9 1169
	type:shell
]
Waiting for data form server 

process:1221 deal the message

process:1222 deal the message
process:1222 has been collection
process:1221 has been collection

process:1233 deal the message

process:1234 deal the message
process:1233 has been collection
process:1234 has been collection

process:1238 deal the message

process:1239 deal the message
process:1238 has been collection
process:1239 has been collection

process:1247 deal the message

process:1248 deal the message
process:1248 has been collection
process:1247 has been collection

process:1253 deal the message

process:1254 deal the message
process:1253 has been collection
process:1254 has been collection

process:1283 deal the message

process:1286 deal the message
process:1283 has been collection
process:1286 has been collection

process:1355 deal the message

process:1356 deal the message
process:1355 has been collection
process:1356 has been collection

process:1361 deal the message

process:1362 deal the message
process:1361 has been collection
process:1362 has been collection

process:1370 deal the message

process:1371 deal the message
process:1371 has been collection
process:1370 has been collection

process:1376 deal the message

process:1377 deal the message
process:1376 has been collection
process:1377 has been collection
[
	message:247237 from 121 msg:kill -9 1169
	type:shell
]
